Determining if the pthread_create exist failed with the following output:
Change Dir: /home/jack/ME580/catkin_ws/src/drone_project/cmake-build-debug/CMakeFiles/CMakeTmp

Run Build Command:"/usr/bin/make" "cmTC_b71ac/fast"
/usr/bin/make -f CMakeFiles/cmTC_b71ac.dir/build.make CMakeFiles/cmTC_b71ac.dir/build
make[1]: Entering directory '/home/jack/ME580/catkin_ws/src/drone_project/cmake-build-debug/CMakeFiles/CMakeTmp'
Building C object CMakeFiles/cmTC_b71ac.dir/CheckSymbolExists.c.o
/usr/bin/cc    -o CMakeFiles/cmTC_b71ac.dir/CheckSymbolExists.c.o   -c /home/jack/ME580/catkin_ws/src/drone_project/cmake-build-debug/CMakeFiles/CMakeTmp/CheckSymbolExists.c
Linking C executable cmTC_b71ac
/opt/clion-2017.2.3/bin/cmake/bin/cmake -E cmake_link_script CMakeFiles/cmTC_b71ac.dir/link.txt --verbose=1
/usr/bin/cc      -rdynamic CMakeFiles/cmTC_b71ac.dir/CheckSymbolExists.c.o  -o cmTC_b71ac 
CMakeFiles/cmTC_b71ac.dir/CheckSymbolExists.c.o: In function `main':
CheckSymbolExists.c:(.text+0x16): undefined reference to `pthread_create'
collect2: error: ld returned 1 exit status
CMakeFiles/cmTC_b71ac.dir/build.make:97: recipe for target 'cmTC_b71ac' failed
make[1]: *** [cmTC_b71ac] Error 1
make[1]: Leaving directory '/home/jack/ME580/catkin_ws/src/drone_project/cmake-build-debug/CMakeFiles/CMakeTmp'
Makefile:126: recipe for target 'cmTC_b71ac/fast' failed
make: *** [cmTC_b71ac/fast] Error 2

File /home/jack/ME580/catkin_ws/src/drone_project/cmake-build-debug/CMakeFiles/CMakeTmp/CheckSymbolExists.c:
/* */
#include <pthread.h>

int main(int argc, char** argv)
{
  (void)argv;
#ifndef pthread_create
  return ((int*)(&pthread_create))[argc];
#else
  (void)argc;
  return 0;
#endif
}

Determining if the function pthread_create exists in the pthreads failed with the following output:
Change Dir: /home/jack/ME580/catkin_ws/src/drone_project/cmake-build-debug/CMakeFiles/CMakeTmp

Run Build Command:"/usr/bin/make" "cmTC_adb4d/fast"
/usr/bin/make -f CMakeFiles/cmTC_adb4d.dir/build.make CMakeFiles/cmTC_adb4d.dir/build
make[1]: Entering directory '/home/jack/ME580/catkin_ws/src/drone_project/cmake-build-debug/CMakeFiles/CMakeTmp'
Building C object CMakeFiles/cmTC_adb4d.dir/CheckFunctionExists.c.o
/usr/bin/cc   -DCHECK_FUNCTION_EXISTS=pthread_create   -o CMakeFiles/cmTC_adb4d.dir/CheckFunctionExists.c.o   -c /opt/clion-2017.2.3/bin/cmake/share/cmake-3.8/Modules/CheckFunctionExists.c
Linking C executable cmTC_adb4d
/opt/clion-2017.2.3/bin/cmake/bin/cmake -E cmake_link_script CMakeFiles/cmTC_adb4d.dir/link.txt --verbose=1
/usr/bin/cc  -DCHECK_FUNCTION_EXISTS=pthread_create    -rdynamic CMakeFiles/cmTC_adb4d.dir/CheckFunctionExists.c.o  -o cmTC_adb4d -lpthreads 
/usr/bin/ld: cannot find -lpthreads
collect2: error: ld returned 1 exit status
CMakeFiles/cmTC_adb4d.dir/build.make:97: recipe for target 'cmTC_adb4d' failed
make[1]: *** [cmTC_adb4d] Error 1
make[1]: Leaving directory '/home/jack/ME580/catkin_ws/src/drone_project/cmake-build-debug/CMakeFiles/CMakeTmp'
Makefile:126: recipe for target 'cmTC_adb4d/fast' failed
make: *** [cmTC_adb4d/fast] Error 2


