Determining if the pthread_create exist failed with the following output:
Change Dir: /home/jack/ME580/catkin_ws/build/droneProject/CMakeFiles/CMakeTmp

Run Build Command:"/usr/bin/make" "cmTC_29dff/fast"
/usr/bin/make -f CMakeFiles/cmTC_29dff.dir/build.make CMakeFiles/cmTC_29dff.dir/build
make[1]: Entering directory '/home/jack/ME580/catkin_ws/build/droneProject/CMakeFiles/CMakeTmp'
Building C object CMakeFiles/cmTC_29dff.dir/CheckSymbolExists.c.o
/usr/bin/cc     -o CMakeFiles/cmTC_29dff.dir/CheckSymbolExists.c.o   -c /home/jack/ME580/catkin_ws/build/droneProject/CMakeFiles/CMakeTmp/CheckSymbolExists.c
Linking C executable cmTC_29dff
/usr/bin/cmake -E cmake_link_script CMakeFiles/cmTC_29dff.dir/link.txt --verbose=1
/usr/bin/cc       CMakeFiles/cmTC_29dff.dir/CheckSymbolExists.c.o  -o cmTC_29dff -rdynamic 
CMakeFiles/cmTC_29dff.dir/CheckSymbolExists.c.o: In function `main':
CheckSymbolExists.c:(.text+0x16): undefined reference to `pthread_create'
collect2: error: ld returned 1 exit status
CMakeFiles/cmTC_29dff.dir/build.make:97: recipe for target 'cmTC_29dff' failed
make[1]: *** [cmTC_29dff] Error 1
make[1]: Leaving directory '/home/jack/ME580/catkin_ws/build/droneProject/CMakeFiles/CMakeTmp'
Makefile:126: recipe for target 'cmTC_29dff/fast' failed
make: *** [cmTC_29dff/fast] Error 2

File /home/jack/ME580/catkin_ws/build/droneProject/CMakeFiles/CMakeTmp/CheckSymbolExists.c:
/* */
#include <pthread.h>

int main(int argc, char** argv)
{
  (void)argv;
#ifndef pthread_create
  return ((int*)(&pthread_create))[argc];
#else
  (void)argc;
  return 0;
#endif
}

Determining if the function pthread_create exists in the pthreads failed with the following output:
Change Dir: /home/jack/ME580/catkin_ws/build/droneProject/CMakeFiles/CMakeTmp

Run Build Command:"/usr/bin/make" "cmTC_f56a8/fast"
/usr/bin/make -f CMakeFiles/cmTC_f56a8.dir/build.make CMakeFiles/cmTC_f56a8.dir/build
make[1]: Entering directory '/home/jack/ME580/catkin_ws/build/droneProject/CMakeFiles/CMakeTmp'
Building C object CMakeFiles/cmTC_f56a8.dir/CheckFunctionExists.c.o
/usr/bin/cc    -DCHECK_FUNCTION_EXISTS=pthread_create   -o CMakeFiles/cmTC_f56a8.dir/CheckFunctionExists.c.o   -c /usr/share/cmake-3.5/Modules/CheckFunctionExists.c
Linking C executable cmTC_f56a8
/usr/bin/cmake -E cmake_link_script CMakeFiles/cmTC_f56a8.dir/link.txt --verbose=1
/usr/bin/cc   -DCHECK_FUNCTION_EXISTS=pthread_create    CMakeFiles/cmTC_f56a8.dir/CheckFunctionExists.c.o  -o cmTC_f56a8 -rdynamic -lpthreads 
/usr/bin/ld: cannot find -lpthreads
collect2: error: ld returned 1 exit status
CMakeFiles/cmTC_f56a8.dir/build.make:97: recipe for target 'cmTC_f56a8' failed
make[1]: *** [cmTC_f56a8] Error 1
make[1]: Leaving directory '/home/jack/ME580/catkin_ws/build/droneProject/CMakeFiles/CMakeTmp'
Makefile:126: recipe for target 'cmTC_f56a8/fast' failed
make: *** [cmTC_f56a8/fast] Error 2


