[  5%] Built target ardupilotmega.xml-v1.0
[ 15%] Built target uAvionix.xml-v2.0
[ 15%] Built target matrixpilot.xml-v1.0
[ 20%] Built target uAvionix.xml-v1.0
[ 25%] Built target standard.xml-v1.0
[ 30%] Built target slugs.xml-v2.0
[ 35%] Built target ardupilotmega.xml-v2.0
[ 40%] Built target standard.xml-v2.0
[ 45%] Built target paparazzi.xml-v2.0
[ 50%] Built target ASLUAV.xml-v2.0
[ 55%] Built target autoquad.xml-v2.0
[ 60%] Built target matrixpilot.xml-v2.0
[ 65%] Built target ualberta.xml-v2.0
[ 70%] Built target paparazzi.xml-v1.0
[ 75%] Built target slugs.xml-v1.0
[ 80%] Built target ASLUAV.xml-v1.0
[ 85%] Built target autoquad.xml-v1.0
[ 90%] Built target ualberta.xml-v1.0
[ 95%] Built target common.xml-v1.0
[100%] Built target common.xml-v2.0
