Determining if the pthread_create exist failed with the following output:
Change Dir: /home/jack/ME580/catkin_ws/src/cmake-build-debug/CMakeFiles/CMakeTmp

Run Build Command:"/usr/bin/make" "cmTC_f520e/fast"
/usr/bin/make -f CMakeFiles/cmTC_f520e.dir/build.make CMakeFiles/cmTC_f520e.dir/build
make[1]: Entering directory '/home/jack/ME580/catkin_ws/src/cmake-build-debug/CMakeFiles/CMakeTmp'
Building C object CMakeFiles/cmTC_f520e.dir/CheckSymbolExists.c.o
/usr/bin/cc    -o CMakeFiles/cmTC_f520e.dir/CheckSymbolExists.c.o   -c /home/jack/ME580/catkin_ws/src/cmake-build-debug/CMakeFiles/CMakeTmp/CheckSymbolExists.c
Linking C executable cmTC_f520e
/opt/clion-2017.2.3/bin/cmake/bin/cmake -E cmake_link_script CMakeFiles/cmTC_f520e.dir/link.txt --verbose=1
/usr/bin/cc      -rdynamic CMakeFiles/cmTC_f520e.dir/CheckSymbolExists.c.o  -o cmTC_f520e 
CMakeFiles/cmTC_f520e.dir/CheckSymbolExists.c.o: In function `main':
CheckSymbolExists.c:(.text+0x16): undefined reference to `pthread_create'
collect2: error: ld returned 1 exit status
CMakeFiles/cmTC_f520e.dir/build.make:97: recipe for target 'cmTC_f520e' failed
make[1]: *** [cmTC_f520e] Error 1
make[1]: Leaving directory '/home/jack/ME580/catkin_ws/src/cmake-build-debug/CMakeFiles/CMakeTmp'
Makefile:126: recipe for target 'cmTC_f520e/fast' failed
make: *** [cmTC_f520e/fast] Error 2

File /home/jack/ME580/catkin_ws/src/cmake-build-debug/CMakeFiles/CMakeTmp/CheckSymbolExists.c:
/* */
#include <pthread.h>

int main(int argc, char** argv)
{
  (void)argv;
#ifndef pthread_create
  return ((int*)(&pthread_create))[argc];
#else
  (void)argc;
  return 0;
#endif
}

Determining if the function pthread_create exists in the pthreads failed with the following output:
Change Dir: /home/jack/ME580/catkin_ws/src/cmake-build-debug/CMakeFiles/CMakeTmp

Run Build Command:"/usr/bin/make" "cmTC_70558/fast"
/usr/bin/make -f CMakeFiles/cmTC_70558.dir/build.make CMakeFiles/cmTC_70558.dir/build
make[1]: Entering directory '/home/jack/ME580/catkin_ws/src/cmake-build-debug/CMakeFiles/CMakeTmp'
Building C object CMakeFiles/cmTC_70558.dir/CheckFunctionExists.c.o
/usr/bin/cc   -DCHECK_FUNCTION_EXISTS=pthread_create   -o CMakeFiles/cmTC_70558.dir/CheckFunctionExists.c.o   -c /opt/clion-2017.2.3/bin/cmake/share/cmake-3.8/Modules/CheckFunctionExists.c
Linking C executable cmTC_70558
/opt/clion-2017.2.3/bin/cmake/bin/cmake -E cmake_link_script CMakeFiles/cmTC_70558.dir/link.txt --verbose=1
/usr/bin/cc  -DCHECK_FUNCTION_EXISTS=pthread_create    -rdynamic CMakeFiles/cmTC_70558.dir/CheckFunctionExists.c.o  -o cmTC_70558 -lpthreads 
/usr/bin/ld: cannot find -lpthreads
collect2: error: ld returned 1 exit status
CMakeFiles/cmTC_70558.dir/build.make:97: recipe for target 'cmTC_70558' failed
make[1]: *** [cmTC_70558] Error 1
make[1]: Leaving directory '/home/jack/ME580/catkin_ws/src/cmake-build-debug/CMakeFiles/CMakeTmp'
Makefile:126: recipe for target 'cmTC_70558/fast' failed
make: *** [cmTC_70558/fast] Error 2


