Determining if the pthread_create exist failed with the following output:
Change Dir: /home/jack/ME580/catkin_ws/build/mavros_extras/CMakeFiles/CMakeTmp

Run Build Command:"/usr/bin/make" "cmTC_83ede/fast"
/usr/bin/make -f CMakeFiles/cmTC_83ede.dir/build.make CMakeFiles/cmTC_83ede.dir/build
make[1]: Entering directory '/home/jack/ME580/catkin_ws/build/mavros_extras/CMakeFiles/CMakeTmp'
Building C object CMakeFiles/cmTC_83ede.dir/CheckSymbolExists.c.o
/usr/bin/cc     -o CMakeFiles/cmTC_83ede.dir/CheckSymbolExists.c.o   -c /home/jack/ME580/catkin_ws/build/mavros_extras/CMakeFiles/CMakeTmp/CheckSymbolExists.c
Linking C executable cmTC_83ede
/usr/bin/cmake -E cmake_link_script CMakeFiles/cmTC_83ede.dir/link.txt --verbose=1
/usr/bin/cc       CMakeFiles/cmTC_83ede.dir/CheckSymbolExists.c.o  -o cmTC_83ede -rdynamic 
CMakeFiles/cmTC_83ede.dir/CheckSymbolExists.c.o: In function `main':
CheckSymbolExists.c:(.text+0x16): undefined reference to `pthread_create'
collect2: error: ld returned 1 exit status
CMakeFiles/cmTC_83ede.dir/build.make:97: recipe for target 'cmTC_83ede' failed
make[1]: *** [cmTC_83ede] Error 1
make[1]: Leaving directory '/home/jack/ME580/catkin_ws/build/mavros_extras/CMakeFiles/CMakeTmp'
Makefile:126: recipe for target 'cmTC_83ede/fast' failed
make: *** [cmTC_83ede/fast] Error 2

File /home/jack/ME580/catkin_ws/build/mavros_extras/CMakeFiles/CMakeTmp/CheckSymbolExists.c:
/* */
#include <pthread.h>

int main(int argc, char** argv)
{
  (void)argv;
#ifndef pthread_create
  return ((int*)(&pthread_create))[argc];
#else
  (void)argc;
  return 0;
#endif
}

Determining if the function pthread_create exists in the pthreads failed with the following output:
Change Dir: /home/jack/ME580/catkin_ws/build/mavros_extras/CMakeFiles/CMakeTmp

Run Build Command:"/usr/bin/make" "cmTC_9f72f/fast"
/usr/bin/make -f CMakeFiles/cmTC_9f72f.dir/build.make CMakeFiles/cmTC_9f72f.dir/build
make[1]: Entering directory '/home/jack/ME580/catkin_ws/build/mavros_extras/CMakeFiles/CMakeTmp'
Building C object CMakeFiles/cmTC_9f72f.dir/CheckFunctionExists.c.o
/usr/bin/cc    -DCHECK_FUNCTION_EXISTS=pthread_create   -o CMakeFiles/cmTC_9f72f.dir/CheckFunctionExists.c.o   -c /usr/share/cmake-3.5/Modules/CheckFunctionExists.c
Linking C executable cmTC_9f72f
/usr/bin/cmake -E cmake_link_script CMakeFiles/cmTC_9f72f.dir/link.txt --verbose=1
/usr/bin/cc   -DCHECK_FUNCTION_EXISTS=pthread_create    CMakeFiles/cmTC_9f72f.dir/CheckFunctionExists.c.o  -o cmTC_9f72f -rdynamic -lpthreads 
/usr/bin/ld: cannot find -lpthreads
collect2: error: ld returned 1 exit status
CMakeFiles/cmTC_9f72f.dir/build.make:97: recipe for target 'cmTC_9f72f' failed
make[1]: *** [cmTC_9f72f] Error 1
make[1]: Leaving directory '/home/jack/ME580/catkin_ws/build/mavros_extras/CMakeFiles/CMakeTmp'
Makefile:126: recipe for target 'cmTC_9f72f/fast' failed
make: *** [cmTC_9f72f/fast] Error 2


