[35m[1mScanning dependencies of target mavros_extras[0m
[35m[1mScanning dependencies of target servo_state_publisher[0m
[35m[1mScanning dependencies of target copter_visualization[0m
[  6%] [32mBuilding CXX object CMakeFiles/servo_state_publisher.dir/src/servo_state_publisher.cpp.o[0m
[ 12%] [32mBuilding CXX object CMakeFiles/copter_visualization.dir/src/copter_visualization.cpp.o[0m
[ 18%] [32mBuilding CXX object CMakeFiles/mavros_extras.dir/src/plugins/adsb.cpp.o[0m
[ 25%] [32mBuilding CXX object CMakeFiles/mavros_extras.dir/src/plugins/distance_sensor.cpp.o[0m
[ 31%] [32mBuilding CXX object CMakeFiles/mavros_extras.dir/src/plugins/px4flow.cpp.o[0m
[ 37%] [32mBuilding CXX object CMakeFiles/mavros_extras.dir/src/plugins/mocap_pose_estimate.cpp.o[0m
[ 43%] [32mBuilding CXX object CMakeFiles/mavros_extras.dir/src/plugins/fake_gps.cpp.o[0m
[ 50%] [32mBuilding CXX object CMakeFiles/mavros_extras.dir/src/plugins/vision_pose_estimate.cpp.o[0m
[ 56%] [32m[1mLinking CXX executable /home/jack/ME580/catkin_ws/devel/.private/mavros_extras/lib/mavros_extras/servo_state_publisher[0m
[ 62%] [32m[1mLinking CXX executable /home/jack/ME580/catkin_ws/devel/.private/mavros_extras/lib/mavros_extras/copter_visualization[0m
[ 62%] Built target servo_state_publisher
[ 68%] [32mBuilding CXX object CMakeFiles/mavros_extras.dir/src/plugins/vision_speed_estimate.cpp.o[0m
[ 68%] Built target copter_visualization
[ 75%] [32mBuilding CXX object CMakeFiles/mavros_extras.dir/src/plugins/odom.cpp.o[0m
[ 81%] [32mBuilding CXX object CMakeFiles/mavros_extras.dir/src/plugins/vibration.cpp.o[0m
[ 87%] [32mBuilding CXX object CMakeFiles/mavros_extras.dir/src/plugins/cam_imu_sync.cpp.o[0m
[ 93%] [32mBuilding CXX object CMakeFiles/mavros_extras.dir/src/plugins/rangefinder.cpp.o[0m
[100%] [32m[1mLinking CXX shared library /home/jack/ME580/catkin_ws/devel/.private/mavros_extras/lib/libmavros_extras.so[0m
[100%] Built target mavros_extras
